<?xml version="1.0" encoding="UTF-8"?>
<testng-results ignored="0" total="2" passed="2" failed="0" skipped="0">
  <reporter-output>
  </reporter-output>
  <suite started-at="2023-01-03T17:00:16 IST" name="Answer.Test1" finished-at="2023-01-03T17:00:16 IST" duration-ms="47">
    <groups>
    </groups>
    <test started-at="2023-01-03T17:00:16 IST" name="Command line test" finished-at="2023-01-03T17:00:16 IST" duration-ms="47">
      <class name="Answer.Test1">
        <test-method signature="sub()[pri:0, instance:Answer.Test1@2833cc44]" started-at="2023-01-03T17:00:16 IST" name="sub" finished-at="2023-01-03T17:00:16 IST" duration-ms="5" status="PASS">
          <reporter-output>
          </reporter-output>
        </test-method> <!-- sub -->
        <test-method signature="sum()[pri:0, instance:Answer.Test1@2833cc44]" started-at="2023-01-03T17:00:16 IST" name="sum" finished-at="2023-01-03T17:00:16 IST" duration-ms="0" status="PASS">
          <reporter-output>
          </reporter-output>
        </test-method> <!-- sum -->
      </class> <!-- Answer.Test1 -->
    </test> <!-- Command line test -->
  </suite> <!-- Answer.Test1 -->
</testng-results>
